# JRE version: Java(TM) SE Runtime Environment (8.0_45-b14) (build 1.8.0_45-b14)
# Java VM: Java HotSpot(TM) 64-Bit Server VM (25.45-b02 mixed mode windows-amd64 compressed oops)
Heap:
 PSYoungGen      total 202752K, used 155036K [0x00000000eb180000, 0x00000000fa300000, 0x0000000100000000)
  eden space 191488K, 75% used [0x00000000eb180000,0x00000000f3de9448,0x00000000f6c80000)
  from space 11264K, 99% used [0x00000000f6c80000,0x00000000f777dd28,0x00000000f7780000)
  to   space 12800K, 0% used [0x00000000f9680000,0x00000000f9680000,0x00000000fa300000)
 ParOldGen       total 61952K, used 20839K [0x00000000c1400000, 0x00000000c5080000, 0x00000000eb180000)
  object space 61952K, 33% used [0x00000000c1400000,0x00000000c2859e20,0x00000000c5080000)
 Metaspace       used 51869K, capacity 53976K, committed 54184K, reserved 1095680K
  class space    used 6846K, capacity 7242K, committed 7344K, reserved 1048576K
GC Heap History (10 events):
Event: 11.677 GC heap before
{Heap before GC invocations=11 (full 1):
 PSYoungGen      total 135680K, used 135677K [0x00000000eb180000, 0x00000000f5280000, 0x0000000100000000)
  eden space 128000K, 100% used [0x00000000eb180000,0x00000000f2e80000,0x00000000f2e80000)
  from space 7680K, 99% used [0x00000000f2e80000,0x00000000f35ff670,0x00000000f3600000)
  to   space 10240K, 0% used [0x00000000f4880000,0x00000000f4880000,0x00000000f5280000)
 ParOldGen       total 32768K, used 12722K [0x00000000c1400000, 0x00000000c3400000, 0x00000000eb180000)
  object space 32768K, 38% used [0x00000000c1400000,0x00000000c206cbb8,0x00000000c3400000)
 Metaspace       used 30637K, capacity 31918K, committed 32048K, reserved 1077248K
  class space    used 4041K, capacity 4316K, committed 4400K, reserved 1048576K
Event: 11.713 GC heap after
Heap after GC invocations=11 (full 1):
 PSYoungGen      total 153600K, used 9431K [0x00000000eb180000, 0x00000000f6e80000, 0x0000000100000000)
  eden space 143360K, 0% used [0x00000000eb180000,0x00000000eb180000,0x00000000f3d80000)
  from space 10240K, 92% used [0x00000000f4880000,0x00000000f51b5e68,0x00000000f5280000)
  to   space 11264K, 0% used [0x00000000f3d80000,0x00000000f3d80000,0x00000000f4880000)
 ParOldGen       total 32768K, used 17128K [0x00000000c1400000, 0x00000000c3400000, 0x00000000eb180000)
  object space 32768K, 52% used [0x00000000c1400000,0x00000000c24ba2a0,0x00000000c3400000)
 Metaspace       used 30637K, capacity 31918K, committed 32048K, reserved 1077248K
  class space    used 4041K, capacity 4316K, committed 4400K, reserved 1048576K
}
Event: 13.460 GC heap before
{Heap before GC invocations=12 (full 1):
 PSYoungGen      total 153600K, used 69837K [0x00000000eb180000, 0x00000000f6e80000, 0x0000000100000000)
  eden space 143360K, 42% used [0x00000000eb180000,0x00000000eec7d848,0x00000000f3d80000)
  from space 10240K, 92% used [0x00000000f4880000,0x00000000f51b5e68,0x00000000f5280000)
  to   space 11264K, 0% used [0x00000000f3d80000,0x00000000f3d80000,0x00000000f4880000)
 ParOldGen       total 32768K, used 17128K [0x00000000c1400000, 0x00000000c3400000, 0x00000000eb180000)
  object space 32768K, 52% used [0x00000000c1400000,0x00000000c24ba2a0,0x00000000c3400000)
 Metaspace       used 33958K, capacity 35322K, committed 35496K, reserved 1079296K
  class space    used 4384K, capacity 4682K, committed 4784K, reserved 1048576K
Event: 13.523 GC heap after
Heap after GC invocations=12 (full 1):
 PSYoungGen      total 154624K, used 4891K [0x00000000eb180000, 0x00000000f8400000, 0x0000000100000000)
  eden space 143360K, 0% used [0x00000000eb180000,0x00000000eb180000,0x00000000f3d80000)
  from space 11264K, 43% used [0x00000000f3d80000,0x00000000f4246c10,0x00000000f4880000)
  to   space 10752K, 0% used [0x00000000f7980000,0x00000000f7980000,0x00000000f8400000)
 ParOldGen       total 32768K, used 23767K [0x00000000c1400000, 0x00000000c3400000, 0x00000000eb180000)
  object space 32768K, 72% used [0x00000000c1400000,0x00000000c2b35f88,0x00000000c3400000)
 Metaspace       used 33958K, capacity 35322K, committed 35496K, reserved 1079296K
  class space    used 4384K, capacity 4682K, committed 4784K, reserved 1048576K
}
Event: 13.524 GC heap before
{Heap before GC invocations=13 (full 2):
 PSYoungGen      total 154624K, used 4891K [0x00000000eb180000, 0x00000000f8400000, 0x0000000100000000)
  eden space 143360K, 0% used [0x00000000eb180000,0x00000000eb180000,0x00000000f3d80000)
  from space 11264K, 43% used [0x00000000f3d80000,0x00000000f4246c10,0x00000000f4880000)
  to   space 10752K, 0% used [0x00000000f7980000,0x00000000f7980000,0x00000000f8400000)
 ParOldGen       total 32768K, used 23767K [0x00000000c1400000, 0x00000000c3400000, 0x00000000eb180000)
  object space 32768K, 72% used [0x00000000c1400000,0x00000000c2b35f88,0x00000000c3400000)
 Metaspace       used 33958K, capacity 35322K, committed 35496K, reserved 1079296K
  class space    used 4384K, capacity 4682K, committed 4784K, reserved 1048576K
Event: 13.832 GC heap after
Heap after GC invocations=13 (full 2):
 PSYoungGen      total 154624K, used 0K [0x00000000eb180000, 0x00000000f8400000, 0x0000000100000000)
  eden space 143360K, 0% used [0x00000000eb180000,0x00000000eb180000,0x00000000f3d80000)
  from space 11264K, 0% used [0x00000000f3d80000,0x00000000f3d80000,0x00000000f4880000)
  to   space 10752K, 0% used [0x00000000f7980000,0x00000000f7980000,0x00000000f8400000)
 ParOldGen       total 61952K, used 20823K [0x00000000c1400000, 0x00000000c5080000, 0x00000000eb180000)
  object space 61952K, 33% used [0x00000000c1400000,0x00000000c2855e20,0x00000000c5080000)
 Metaspace       used 33958K, capacity 35322K, committed 35496K, reserved 1079296K
  class space    used 4384K, capacity 4682K, committed 4784K, reserved 1048576K
}
Event: 16.885 GC heap before
{Heap before GC invocations=14 (full 2):
 PSYoungGen      total 154624K, used 143360K [0x00000000eb180000, 0x00000000f8400000, 0x0000000100000000)
  eden space 143360K, 100% used [0x00000000eb180000,0x00000000f3d80000,0x00000000f3d80000)
  from space 11264K, 0% used [0x00000000f3d80000,0x00000000f3d80000,0x00000000f4880000)
  to   space 10752K, 0% used [0x00000000f7980000,0x00000000f7980000,0x00000000f8400000)
 ParOldGen       total 61952K, used 20823K [0x00000000c1400000, 0x00000000c5080000, 0x00000000eb180000)
  object space 61952K, 33% used [0x00000000c1400000,0x00000000c2855e20,0x00000000c5080000)
 Metaspace       used 42159K, capacity 43636K, committed 43816K, reserved 1087488K
  class space    used 5607K, capacity 5909K, committed 5936K, reserved 1048576K
Event: 16.908 GC heap after
Heap after GC invocations=14 (full 2):
 PSYoungGen      total 188928K, used 8779K [0x00000000eb180000, 0x00000000f8280000, 0x0000000100000000)
  eden space 179712K, 0% used [0x00000000eb180000,0x00000000eb180000,0x00000000f6100000)
  from space 9216K, 95% used [0x00000000f7980000,0x00000000f8212c70,0x00000000f8280000)
  to   space 11264K, 0% used [0x00000000f6c80000,0x00000000f6c80000,0x00000000f7780000)
 ParOldGen       total 61952K, used 20831K [0x00000000c1400000, 0x00000000c5080000, 0x00000000eb180000)
  object space 61952K, 33% used [0x00000000c1400000,0x00000000c2857e20,0x00000000c5080000)
 Metaspace       used 42159K, capacity 43636K, committed 43816K, reserved 1087488K
  class space    used 5607K, capacity 5909K, committed 5936K, reserved 1048576K
}
Event: 21.072 GC heap before
{Heap before GC invocations=15 (full 2):
 PSYoungGen      total 188928K, used 188491K [0x00000000eb180000, 0x00000000f8280000, 0x0000000100000000)
  eden space 179712K, 100% used [0x00000000eb180000,0x00000000f6100000,0x00000000f6100000)
  from space 9216K, 95% used [0x00000000f7980000,0x00000000f8212c70,0x00000000f8280000)
  to   space 11264K, 0% used [0x00000000f6c80000,0x00000000f6c80000,0x00000000f7780000)
 ParOldGen       total 61952K, used 20831K [0x00000000c1400000, 0x00000000c5080000, 0x00000000eb180000)
  object space 61952K, 33% used [0x00000000c1400000,0x00000000c2857e20,0x00000000c5080000)
 Metaspace       used 46443K, capacity 48440K, committed 48552K, reserved 1091584K
  class space    used 6193K, capacity 6555K, committed 6576K, reserved 1048576K
Event: 21.117 GC heap after
Heap after GC invocations=15 (full 2):
 PSYoungGen      total 202752K, used 11255K [0x00000000eb180000, 0x00000000fa300000, 0x0000000100000000)
  eden space 191488K, 0% used [0x00000000eb180000,0x00000000eb180000,0x00000000f6c80000)
  from space 11264K, 99% used [0x00000000f6c80000,0x00000000f777dd28,0x00000000f7780000)
  to   space 12800K, 0% used [0x00000000f9680000,0x00000000f9680000,0x00000000fa300000)
 ParOldGen       total 61952K, used 20839K [0x00000000c1400000, 0x00000000c5080000, 0x00000000eb180000)
  object space 61952K, 33% used [0x00000000c1400000,0x00000000c2859e20,0x00000000c5080000)
 Metaspace       used 46443K, capacity 48440K, committed 48552K, reserved 1091584K
  class space    used 6193K, capacity 6555K, committed 6576K, reserved 1048576K
}

